  Source.cpp
C:\Users\rossp\source\repos\Project3\Project3\include\reactphysics3d\engine\OverlappingPairs.h(248,124): warning C4244: 'initializing': conversion from 'float' to 'size_t', possible loss of data
  (compiling source file 'Source.cpp')
  
C:\Users\rossp\source\repos\Project3\Project3\include\reactphysics3d\engine\OverlappingPairs.h(248,54): warning C4244: 'initializing': conversion from 'float' to 'const size_t', possible loss of data
  (compiling source file 'Source.cpp')
  
C:\Users\rossp\source\repos\Project3\Project3\include\reactphysics3d\engine\OverlappingPairs.h(279,128): warning C4244: 'initializing': conversion from 'float' to 'size_t', possible loss of data
  (compiling source file 'Source.cpp')
  
C:\Users\rossp\source\repos\Project3\Project3\include\reactphysics3d\engine\OverlappingPairs.h(279,58): warning C4244: 'initializing': conversion from 'float' to 'const size_t', possible loss of data
  (compiling source file 'Source.cpp')
  
C:\Users\rossp\source\repos\Project3\Project3\include\reactphysics3d\collision\ConvexMesh.h(138,26): warning C4244: 'return': conversion from 'reactphysics3d::uint64' to 'reactphysics3d::uint32', possible loss of data
  (compiling source file 'Source.cpp')
  
C:\Users\rossp\source\repos\Project3\Project3\include\reactphysics3d\collision\TriangleMesh.h(146,26): warning C4244: 'return': conversion from 'reactphysics3d::uint64' to 'reactphysics3d::uint32', possible loss of data
  (compiling source file 'Source.cpp')
  
C:\Users\rossp\source\repos\Project3\Project3\include\reactphysics3d\collision\TriangleMesh.h(151,30): warning C4244: 'return': conversion from 'reactphysics3d::uint64' to 'reactphysics3d::uint32', possible loss of data
  (compiling source file 'Source.cpp')
  
C:\Users\rossp\source\repos\Project3\Project3\include\reactphysics3d\containers\Array.h(255,70): warning C4244: '=': conversion from 'float' to 'reactphysics3d::uint64', possible loss of data
  (compiling source file 'Source.cpp')
  C:\Users\rossp\source\repos\Project3\Project3\include\reactphysics3d\containers\Array.h(255,70):
  the template instantiation context (the oldest one first) is
  	C:\Users\rossp\source\repos\Project3\Project3\include\reactphysics3d\components\RigidBodyComponents.h(862,57):
  	see reference to class template instantiation 'reactphysics3d::Array<reactphysics3d::uint>' being compiled
  	C:\Users\rossp\source\repos\Project3\Project3\include\reactphysics3d\containers\Array.h(250,14):
  	while compiling class template member function 'void reactphysics3d::Array<reactphysics3d::uint>::reserve(reactphysics3d::uint64)'
  		C:\Users\rossp\source\repos\Project3\Project3\include\reactphysics3d\engine\Islands.h(134,44):
  		see the first reference to 'reactphysics3d::Array<reactphysics3d::uint>::reserve' in 'reactphysics3d::Islands::reserveMemory'
  
C:\Users\rossp\source\repos\Project3\Project3\include\reactphysics3d\containers\Map.h(283,90): warning C4244: '=': conversion from 'float' to 'reactphysics3d::uint64', possible loss of data
  (compiling source file 'Source.cpp')
  C:\Users\rossp\source\repos\Project3\Project3\include\reactphysics3d\containers\Map.h(283,90):
  the template instantiation context (the oldest one first) is
  	C:\Users\rossp\source\repos\Project3\Project3\include\reactphysics3d\systems\CollisionDetectionSystem.h(109,26):
  	see reference to class template instantiation 'reactphysics3d::Map<int,reactphysics3d::Entity,std::hash<int>,std::equal_to<V>>' being compiled
          with
          [
              V=int
          ]
  	C:\Users\rossp\source\repos\Project3\Project3\include\reactphysics3d\containers\Map.h(260,14):
  	while compiling class template member function 'void reactphysics3d::Map<int,reactphysics3d::Entity,std::hash<int>,std::equal_to<V>>::reserve(reactphysics3d::uint64)'
          with
          [
              V=int
          ]
  		C:\Users\rossp\source\repos\Project3\Project3\include\reactphysics3d\containers\Map.h(401,24):
  		see the first reference to 'reactphysics3d::Map<int,reactphysics3d::Entity,std::hash<int>,std::equal_to<V>>::reserve' in 'reactphysics3d::Map<int,reactphysics3d::Entity,std::hash<int>,std::equal_to<V>>::add'
          with
          [
              V=int
          ]
  		C:\Users\rossp\source\repos\Project3\Project3\include\reactphysics3d\systems\CollisionDetectionSystem.h(425,41):
  		see the first reference to 'reactphysics3d::Map<int,reactphysics3d::Entity,std::hash<int>,std::equal_to<V>>::add' in 'reactphysics3d::CollisionDetectionSystem::addCollider'
          with
          [
              V=int
          ]
  
  Project3.vcxproj -> C:\Users\rossp\source\repos\Project3\x64\Debug\Project3.exe
